#
# There is insufficient memory for the Java Runtime Environment to continue.
# Native memory allocation (mmap) failed to map 132120576 bytes for G1 virtual space
# Possible reasons:
#   The system is out of physical RAM or swap space
#   The process is running with CompressedOops enabled, and the Java Heap may be blocking the growth of the native heap
# Possible solutions:
#   Reduce memory load on the system
#   Increase physical memory or swap space
#   Check if swap backing store is full
#   Decrease Java heap size (-Xmx/-Xms)
#   Decrease number of Java threads
#   Decrease Java thread stack sizes (-Xss)
#   Set larger code cache with -XX:ReservedCodeCacheSize=
#   JVM is running with Unscaled Compressed Oops mode in which the Java heap is
#     placed in the first 4GB address space. The Java Heap base address is the
#     maximum limit for the native heap growth. Please use -XX:HeapBaseMinAddress
#     to set the Java Heap base and to place the Java Heap above 4GB virtual address.
# This output file may be truncated or incomplete.
#
#  Out of Memory Error (os_windows.cpp:3469), pid=18288, tid=18132
#
# JRE version:  (17.0.1+12) (build )
# Java VM: OpenJDK 64-Bit Server VM (17.0.1+12, mixed mode, sharing, tiered, compressed oops, compressed class ptrs, g1 gc, windows-amd64)
# No core dump will be written. Minidumps are not enabled by default on client versions of Windows
#

---------------  S U M M A R Y ------------

Command Line: -Dfile.encoding=Cp1252 -XX:+ShowCodeDetailsInExceptionMessages com.vvcabs.App.App

Host: Intel(R) Core(TM) i5-8265U CPU @ 1.60GHz, 8 cores, 7G,  Windows 10 , 64 bit Build 22000 (10.0.22000.708)
Time: Tue Sep  6 14:08:17 2022 India Standard Time elapsed time: 0.008537 seconds (0d 0h 0m 0s)

---------------  T H R E A D  ---------------

Current thread (0x00000265628e08f0):  JavaThread "Unknown thread" [_thread_in_vm, id=18132, stack(0x000000805b000000,0x000000805b100000)]

Stack: [0x000000805b000000,0x000000805b100000]
Native frames: (J=compiled Java code, j=interpreted, Vv=VM code, C=native code)
V  [jvm.dll+0x6744da]
V  [jvm.dll+0x82e144]
V  [jvm.dll+0x82f8ee]
V  [jvm.dll+0x82ff53]
V  [jvm.dll+0x245175]
V  [jvm.dll+0x6714c9]
V  [jvm.dll+0x665f92]
V  [jvm.dll+0x303c3b]
V  [jvm.dll+0x30b176]
V  [jvm.dll+0x35af1e]
V  [jvm.dll+0x35b14f]
V  [jvm.dll+0x2dab78]
V  [jvm.dll+0x2dbae4]
V  [jvm.dll+0x7ffdf1]
V  [jvm.dll+0x368c91]
V  [jvm.dll+0x7df2cc]
V  [jvm.dll+0x3eb59f]
V  [jvm.dll+0x3ed121]
C  [jli.dll+0x5277]
C  [ucrtbase.dll+0x26c0c]
C  [KERNEL32.DLL+0x154e0]
C  [ntdll.dll+0x485b]


---------------  P R O C E S S  ---------------

Threads class SMR info:
_java_thread_list=0x00007ffdf2864e58, length=0, elements={
}

Java Threads: ( => current thread )

Other Threads:
  0x0000026562920110 GCTaskThread "GC Thread#0" [stack: 0x000000805b100000,0x000000805b200000] [id=9316]
  0x0000026562930b90 ConcurrentGCThread "G1 Main Marker" [stack: 0x000000805b200000,0x000000805b300000] [id=10800]
  0x0000026562931ea0 ConcurrentGCThread "G1 Conc#0" [stack: 0x000000805b300000,0x000000805b400000] [id=18516]

[error occurred during error reporting (printing all threads), id 0xc0000005, EXCEPTION_ACCESS_VIOLATION (0xc0000005) at pc=0x00007ffdf203b5f7]

VM state: not at safepoint (not fully initialized)

VM Mutex/Monitor currently owned by a thread:  ([mutex/lock_event])
[0x00000265628dd730] Heap_lock - owner thread: 0x00000265628e08f0

Heap address: 0x0000000082600000, size: 2010 MB, Compressed Oops mode: 32-bit

CDS archive(s) mapped at: [0x0000000000000000-0x0000000000000000-0x0000000000000000), size 0, SharedBaseAddress: 0x0000000800000000, ArchiveRelocationMode: 0.
Narrow klass base: 0x0000000000000000, Narrow klass shift: 0, Narrow klass range: 0x0

GC Precious Log:
<Empty>

Heap:
 garbage-first heap   total 0K, used 0K [0x0000000082600000, 0x0000000100000000)
  region size 1024K, 0 young (0K), 0 survivors (0K)

[error occurred during error reporting (printing heap information), id 0xc0000005, EXCEPTION_ACCESS_VIOLATION (0xc0000005) at pc=0x00007ffdf241d729]

GC Heap History (0 events):
No events

Deoptimization events (0 events):
No events

Classes unloaded (0 events):
No events

Classes redefined (0 events):
No events

Internal exceptions (0 events):
No events

VM Operations (0 events):
No events

Events (1 events):
Event: 0.005 Loaded shared library C:\Users\Naga Venkatesh\.p2\pool\plugins\org.eclipse.justj.openjdk.hotspot.jre.full.win32.x86_64_17.0.1.v20211116-1657\jre\bin\java.dll


Dynamic libraries:
0x00007ff7307b0000 - 0x00007ff7307be000 	C:\Users\Naga Venkatesh\.p2\pool\plugins\org.eclipse.justj.openjdk.hotspot.jre.full.win32.x86_64_17.0.1.v20211116-1657\jre\bin\javaw.exe
0x00007ffe56c60000 - 0x00007ffe56e69000 	C:\WINDOWS\SYSTEM32\ntdll.dll
0x00007ffe55920000 - 0x00007ffe559dd000 	C:\WINDOWS\System32\KERNEL32.DLL
0x00007ffe542d0000 - 0x00007ffe5464d000 	C:\WINDOWS\System32\KERNELBASE.dll
0x00007ffe541b0000 - 0x00007ffe542c1000 	C:\WINDOWS\System32\ucrtbase.dll
0x00007ffe4be10000 - 0x00007ffe4be28000 	C:\Users\Naga Venkatesh\.p2\pool\plugins\org.eclipse.justj.openjdk.hotspot.jre.full.win32.x86_64_17.0.1.v20211116-1657\jre\bin\jli.dll
0x00007ffe4bdf0000 - 0x00007ffe4be09000 	C:\Users\Naga Venkatesh\.p2\pool\plugins\org.eclipse.justj.openjdk.hotspot.jre.full.win32.x86_64_17.0.1.v20211116-1657\jre\bin\VCRUNTIME140.dll
0x00007ffe56870000 - 0x00007ffe56a1d000 	C:\WINDOWS\System32\USER32.dll
0x00007ffe3d690000 - 0x00007ffe3d935000 	C:\WINDOWS\WinSxS\amd64_microsoft.windows.common-controls_6595b64144ccf1df_6.0.22000.120_none_9d947278b86cc467\COMCTL32.dll
0x00007ffe54ac0000 - 0x00007ffe54ae6000 	C:\WINDOWS\System32\win32u.dll
0x00007ffe55540000 - 0x00007ffe555e3000 	C:\WINDOWS\System32\msvcrt.dll
0x00007ffe56070000 - 0x00007ffe56099000 	C:\WINDOWS\System32\GDI32.dll
0x00007ffe549a0000 - 0x00007ffe54ab8000 	C:\WINDOWS\System32\gdi32full.dll
0x00007ffe54900000 - 0x00007ffe5499d000 	C:\WINDOWS\System32\msvcp_win.dll
0x00007ffe55c40000 - 0x00007ffe55c71000 	C:\WINDOWS\System32\IMM32.DLL
0x00007ffe4fdf0000 - 0x00007ffe4fdfc000 	C:\Users\Naga Venkatesh\.p2\pool\plugins\org.eclipse.justj.openjdk.hotspot.jre.full.win32.x86_64_17.0.1.v20211116-1657\jre\bin\vcruntime140_1.dll
0x00007ffe16c40000 - 0x00007ffe16cd1000 	C:\Users\Naga Venkatesh\.p2\pool\plugins\org.eclipse.justj.openjdk.hotspot.jre.full.win32.x86_64_17.0.1.v20211116-1657\jre\bin\msvcp140.dll
0x00007ffdf1d50000 - 0x00007ffdf2996000 	C:\Users\Naga Venkatesh\.p2\pool\plugins\org.eclipse.justj.openjdk.hotspot.jre.full.win32.x86_64_17.0.1.v20211116-1657\jre\bin\server\jvm.dll
0x00007ffe56a20000 - 0x00007ffe56ace000 	C:\WINDOWS\System32\ADVAPI32.dll
0x00007ffe55380000 - 0x00007ffe5541e000 	C:\WINDOWS\System32\sechost.dll
0x00007ffe55660000 - 0x00007ffe55780000 	C:\WINDOWS\System32\RPCRT4.dll
0x00007ffe55bb0000 - 0x00007ffe55bb8000 	C:\WINDOWS\System32\PSAPI.DLL
0x00007ffe286f0000 - 0x00007ffe286f9000 	C:\WINDOWS\SYSTEM32\WSOCK32.dll
0x00007ffe4f3f0000 - 0x00007ffe4f423000 	C:\WINDOWS\SYSTEM32\WINMM.dll
0x00007ffe4e3a0000 - 0x00007ffe4e3aa000 	C:\WINDOWS\SYSTEM32\VERSION.dll
0x00007ffe56000000 - 0x00007ffe5606f000 	C:\WINDOWS\System32\WS2_32.dll
0x00007ffe532f0000 - 0x00007ffe53308000 	C:\WINDOWS\SYSTEM32\kernel.appcore.dll
0x00007ffe4f8d0000 - 0x00007ffe4f8da000 	C:\Users\Naga Venkatesh\.p2\pool\plugins\org.eclipse.justj.openjdk.hotspot.jre.full.win32.x86_64_17.0.1.v20211116-1657\jre\bin\jimage.dll
0x00007ffe4d8b0000 - 0x00007ffe4dad1000 	C:\WINDOWS\SYSTEM32\DBGHELP.DLL
0x00007ffe4d7c0000 - 0x00007ffe4d7f1000 	C:\WINDOWS\SYSTEM32\dbgcore.DLL
0x00007ffe54650000 - 0x00007ffe546cf000 	C:\WINDOWS\System32\bcryptPrimitives.dll
0x00007ffe4bd70000 - 0x00007ffe4bd95000 	C:\Users\Naga Venkatesh\.p2\pool\plugins\org.eclipse.justj.openjdk.hotspot.jre.full.win32.x86_64_17.0.1.v20211116-1657\jre\bin\java.dll

dbghelp: loaded successfully - version: 4.0.5 - missing functions: none
symbol engine: initialized successfully - sym options: 0x614 - pdb path: .;C:\Users\Naga Venkatesh\.p2\pool\plugins\org.eclipse.justj.openjdk.hotspot.jre.full.win32.x86_64_17.0.1.v20211116-1657\jre\bin;C:\WINDOWS\SYSTEM32;C:\WINDOWS\WinSxS\amd64_microsoft.windows.common-controls_6595b64144ccf1df_6.0.22000.120_none_9d947278b86cc467;C:\Users\Naga Venkatesh\.p2\pool\plugins\org.eclipse.justj.openjdk.hotspot.jre.full.win32.x86_64_17.0.1.v20211116-1657\jre\bin\server

VM Arguments:
jvm_args: -Dfile.encoding=Cp1252 -XX:+ShowCodeDetailsInExceptionMessages 
java_command: com.vvcabs.App.App
java_class_path (initial): C:\Users\Naga Venkatesh\OneDrive\Desktop\virtusa trainning\Training\VVonlinecabbookingApp\bin;D:\Downloads\mysql-connector-java-8.0.30\mysql-connector-java-8.0.30\mysql-connector-java-8.0.30.jar
Launcher Type: SUN_STANDARD

[Global flags]
     intx CICompilerCount                          = 4                                         {product} {ergonomic}
     uint ConcGCThreads                            = 2                                         {product} {ergonomic}
     uint G1ConcRefinementThreads                  = 8                                         {product} {ergonomic}
   size_t G1HeapRegionSize                         = 1048576                                   {product} {ergonomic}
    uintx GCDrainStackTargetSize                   = 64                                        {product} {ergonomic}
   size_t InitialHeapSize                          = 132120576                                 {product} {ergonomic}
   size_t MarkStackSize                            = 4194304                                   {product} {ergonomic}
   size_t MaxHeapSize                              = 2107637760                                {product} {ergonomic}
   size_t MinHeapDeltaBytes                        = 1048576                                   {product} {ergonomic}
   size_t MinHeapSize                              = 8388608                                   {product} {ergonomic}
    uintx NonNMethodCodeHeapSize                   = 5839372                                {pd product} {ergonomic}
    uintx NonProfiledCodeHeapSize                  = 122909434                              {pd product} {ergonomic}
    uintx ProfiledCodeHeapSize                     = 122909434                              {pd product} {ergonomic}
    uintx ReservedCodeCacheSize                    = 251658240                              {pd product} {ergonomic}
     bool SegmentedCodeCache                       = true                                      {product} {ergonomic}
     bool ShowCodeDetailsInExceptionMessages       = true                                   {manageable} {command line}
   size_t SoftMaxHeapSize                          = 2107637760                             {manageable} {ergonomic}
     bool UseCompressedClassPointers               = true                           {product lp64_product} {ergonomic}
     bool UseCompressedOops                        = true                           {product lp64_product} {ergonomic}
     bool UseG1GC                                  = true                                      {product} {ergonomic}
     bool UseLargePagesIndividualAllocation        = false                                  {pd product} {ergonomic}

Logging:
Log output configuration:
 #0: stdout all=warning uptime,level,tags
 #1: stderr all=off uptime,level,tags

Environment Variables:
PATH=C:/spring/sts-4.13.0.RELEASE//plugins/org.eclipse.justj.openjdk.hotspot.jre.full.win32.x86_64_17.0.1.v20211116-1657/jre/bin/server;C:/spring/sts-4.13.0.RELEASE//plugins/org.eclipse.justj.openjdk.hotspot.jre.full.win32.x86_64_17.0.1.v20211116-1657/jre/bin;C:\Program Files (x86)\Common Files\Oracle\Java\javapath;C:\Windows\system32;C:\Windows;C:\Windows\System32\Wbem;C:\Windows\System32\WindowsPowerShell\v1.0\;C:\Windows\System32\OpenSSH\;C:\Program Files (x86)\NVIDIA Corporation\PhysX\Common;C:\Program Files\NVIDIA Corporation\NVIDIA NvDLISR;C:\WINDOWS\system32;C:\WINDOWS;C:\WINDOWS\System32\Wbem;C:\WINDOWS\System32\WindowsPowerShell\v1.0\;C:\WINDOWS\System32\OpenSSH\;C:\Program Files\Git\cmd;C:\Program Files\Git\bin;;C:\Program Files\nodejs\;C:\Program Files\PowerShell\7-preview\preview;C:\Program Files\PowerShell\7\;C:\Program Files\Docker\Docker\resources\bin;C:\ProgramData\DockerDesktop\version-bin;C:\Program Files\MySQL\MySQL Shell 8.0\bin\;C:\Users\Naga Venkatesh\AppData\Local\Microsoft\WindowsApps;C:\Users\Naga Venkatesh\AppData\Local\GitHubDesktop\bin;C:\Users\Naga Venkatesh\AppData\Local\Programs\Microsoft VS Code\bin;C:\Users\Naga Venkatesh\AppData\Roaming\npm;C:\spring\sts-4.13.0.RELEASE;
USERNAME=Naga Venkatesh
OS=Windows_NT
PROCESSOR_IDENTIFIER=Intel64 Family 6 Model 142 Stepping 12, GenuineIntel



---------------  S Y S T E M  ---------------

OS:
 Windows 10 , 64 bit Build 22000 (10.0.22000.708)
OS uptime: 25 days 19:57 hours
Hyper-V role detected

CPU: total 8 (initial active 8) (4 cores per cpu, 2 threads per core) family 6 model 142 stepping 12 microcode 0xde, cx8, cmov, fxsr, ht, mmx, 3dnowpref, sse, sse2, sse3, ssse3, sse4.1, sse4.2, popcnt, lzcnt, tsc, tscinvbit, avx, avx2, aes, erms, clmul, bmi1, bmi2, adx, fma, vzeroupper, clflush, clflushopt, hv

Memory: 4k page, system-wide physical 8037M (583M free)
TotalPageFile size 23141M (AvailPageFile size 104M)
current process WorkingSet (physical memory assigned to process): 10M, peak: 10M
current process commit charge ("private bytes"): 60M, peak: 186M

vm_info: OpenJDK 64-Bit Server VM (17.0.1+12) for windows-amd64 JRE (17.0.1+12), built on Oct 20 2021 07:42:55 by "" with MS VC++ 16.7 (VS2019)

END.
